# JRE version: OpenJDK Runtime Environment (8.0_152-b01) (build 1.8.0_152-release-915-b01)
# Java VM: OpenJDK 64-Bit Server VM (25.152-b01 mixed mode linux-amd64 compressed oops)
Heap:
 PSYoungGen      total 408064K, used 376098K [0x00000000e0000000, 0x0000000100000000, 0x0000000100000000)
  eden space 319488K, 89% used [0x00000000e0000000,0x00000000f18cba68,0x00000000f3800000)
  from space 88576K, 99% used [0x00000000fa980000,0x00000000ffffce08,0x0000000100000000)
  to   space 102400K, 0% used [0x00000000f3800000,0x00000000f3800000,0x00000000f9c00000)
 ParOldGen       total 1030144K, used 724435K [0x00000000a0000000, 0x00000000dee00000, 0x00000000e0000000)
  object space 1030144K, 70% used [0x00000000a0000000,0x00000000cc374f60,0x00000000dee00000)
 Metaspace       used 155942K, capacity 167824K, committed 169048K, reserved 1196032K
  class space    used 18940K, capacity 21578K, committed 21888K, reserved 1048576K
GC Heap History (10 events):
Event: 7063.114 GC heap before
{Heap before GC invocations=108 (full 9):
 PSYoungGen      total 408576K, used 366437K [0x00000000e0000000, 0x0000000100000000, 0x0000000100000000)
  eden space 319488K, 100% used [0x00000000e0000000,0x00000000f3800000,0x00000000f3800000)
  from space 89088K, 52% used [0x00000000fa900000,0x00000000fd6d9458,0x0000000100000000)
  to   space 102400K, 0% used [0x00000000f3800000,0x00000000f3800000,0x00000000f9c00000)
 ParOldGen       total 781312K, used 612478K [0x00000000a0000000, 0x00000000cfb00000, 0x00000000e0000000)
  object space 781312K, 78% used [0x00000000a0000000,0x00000000c561f9d0,0x00000000cfb00000)
 Metaspace       used 156317K, capacity 168552K, committed 169048K, reserved 1196032K
  class space    used 19022K, capacity 21739K, committed 21888K, reserved 1048576K
Event: 7063.688 GC heap after
Heap after GC invocations=108 (full 9):
 PSYoungGen      total 421888K, used 48199K [0x00000000e0000000, 0x0000000100000000, 0x0000000100000000)
  eden space 319488K, 0% used [0x00000000e0000000,0x00000000e0000000,0x00000000f3800000)
  from space 102400K, 47% used [0x00000000f3800000,0x00000000f6711c98,0x00000000f9c00000)
  to   space 97280K, 0% used [0x00000000fa100000,0x00000000fa100000,0x0000000100000000)
 ParOldGen       total 781312K, used 656216K [0x00000000a0000000, 0x00000000cfb00000, 0x00000000e0000000)
  object space 781312K, 83% used [0x00000000a0000000,0x00000000c80d6320,0x00000000cfb00000)
 Metaspace       used 156317K, capacity 168552K, committed 169048K, reserved 1196032K
  class space    used 19022K, capacity 21739K, committed 21888K, reserved 1048576K
}
Event: 7066.770 GC heap before
{Heap before GC invocations=109 (full 9):
 PSYoungGen      total 421888K, used 367687K [0x00000000e0000000, 0x0000000100000000, 0x0000000100000000)
  eden space 319488K, 100% used [0x00000000e0000000,0x00000000f3800000,0x00000000f3800000)
  from space 102400K, 47% used [0x00000000f3800000,0x00000000f6711c98,0x00000000f9c00000)
  to   space 97280K, 0% used [0x00000000fa100000,0x00000000fa100000,0x0000000100000000)
 ParOldGen       total 781312K, used 656216K [0x00000000a0000000, 0x00000000cfb00000, 0x00000000e0000000)
  object space 781312K, 83% used [0x00000000a0000000,0x00000000c80d6320,0x00000000cfb00000)
 Metaspace       used 156319K, capacity 168552K, committed 169048K, reserved 1196032K
  class space    used 19022K, capacity 21739K, committed 21888K, reserved 1048576K
Event: 7067.211 GC heap after
Heap after GC invocations=109 (full 9):
 PSYoungGen      total 407552K, used 45627K [0x00000000e0000000, 0x00000000ff200000, 0x0000000100000000)
  eden space 324608K, 0% used [0x00000000e0000000,0x00000000e0000000,0x00000000f3d00000)
  from space 82944K, 55% used [0x00000000fa100000,0x00000000fcd8eff0,0x00000000ff200000)
  to   space 92672K, 0% used [0x00000000f3d00000,0x00000000f3d00000,0x00000000f9780000)
 ParOldGen       total 781312K, used 701281K [0x00000000a0000000, 0x00000000cfb00000, 0x00000000e0000000)
  object space 781312K, 89% used [0x00000000a0000000,0x00000000cacd87e0,0x00000000cfb00000)
 Metaspace       used 156319K, capacity 168552K, committed 169048K, reserved 1196032K
  class space    used 19022K, capacity 21739K, committed 21888K, reserved 1048576K
}
Event: 7067.211 GC heap before
{Heap before GC invocations=110 (full 10):
 PSYoungGen      total 407552K, used 45627K [0x00000000e0000000, 0x00000000ff200000, 0x0000000100000000)
  eden space 324608K, 0% used [0x00000000e0000000,0x00000000e0000000,0x00000000f3d00000)
  from space 82944K, 55% used [0x00000000fa100000,0x00000000fcd8eff0,0x00000000ff200000)
  to   space 92672K, 0% used [0x00000000f3d00000,0x00000000f3d00000,0x00000000f9780000)
 ParOldGen       total 781312K, used 701281K [0x00000000a0000000, 0x00000000cfb00000, 0x00000000e0000000)
  object space 781312K, 89% used [0x00000000a0000000,0x00000000cacd87e0,0x00000000cfb00000)
 Metaspace       used 156319K, capacity 168552K, committed 169048K, reserved 1196032K
  class space    used 19022K, capacity 21739K, committed 21888K, reserved 1048576K
Event: 7072.823 GC heap after
Heap after GC invocations=110 (full 10):
 PSYoungGen      total 407552K, used 0K [0x00000000e0000000, 0x00000000ff200000, 0x0000000100000000)
  eden space 324608K, 0% used [0x00000000e0000000,0x00000000e0000000,0x00000000f3d00000)
  from space 82944K, 0% used [0x00000000fa100000,0x00000000fa100000,0x00000000ff200000)
  to   space 92672K, 0% used [0x00000000f3d00000,0x00000000f3d00000,0x00000000f9780000)
 ParOldGen       total 1030144K, used 716821K [0x00000000a0000000, 0x00000000dee00000, 0x00000000e0000000)
  object space 1030144K, 69% used [0x00000000a0000000,0x00000000cbc057e8,0x00000000dee00000)
 Metaspace       used 155931K, capacity 167824K, committed 169048K, reserved 1196032K
  class space    used 18938K, capacity 21578K, committed 21888K, reserved 1048576K
}
Event: 7077.135 GC heap before
{Heap before GC invocations=111 (full 10):
 PSYoungGen      total 407552K, used 324608K [0x00000000e0000000, 0x00000000ff200000, 0x0000000100000000)
  eden space 324608K, 100% used [0x00000000e0000000,0x00000000f3d00000,0x00000000f3d00000)
  from space 82944K, 0% used [0x00000000fa100000,0x00000000fa100000,0x00000000ff200000)
  to   space 92672K, 0% used [0x00000000f3d00000,0x00000000f3d00000,0x00000000f9780000)
 ParOldGen       total 1030144K, used 716821K [0x00000000a0000000, 0x00000000dee00000, 0x00000000e0000000)
  object space 1030144K, 69% used [0x00000000a0000000,0x00000000cbc057e8,0x00000000dee00000)
 Metaspace       used 155942K, capacity 167824K, committed 169048K, reserved 1196032K
  class space    used 18940K, capacity 21578K, committed 21888K, reserved 1048576K
Event: 7077.351 GC heap after
Heap after GC invocations=111 (full 10):
 PSYoungGen      total 417280K, used 48928K [0x00000000e0000000, 0x0000000100000000, 0x0000000100000000)
  eden space 324608K, 0% used [0x00000000e0000000,0x00000000e0000000,0x00000000f3d00000)
  from space 92672K, 52% used [0x00000000f3d00000,0x00000000f6cc8070,0x00000000f9780000)
  to   space 88576K, 0% used [0x00000000fa980000,0x00000000fa980000,0x0000000100000000)
 ParOldGen       total 1030144K, used 716821K [0x00000000a0000000, 0x00000000dee00000, 0x00000000e0000000)
  object space 1030144K, 69% used [0x00000000a0000000,0x00000000cbc057e8,0x00000000dee00000)
 Metaspace       used 155942K, capacity 167824K, committed 169048K, reserved 1196032K
  class space    used 18940K, capacity 21578K, committed 21888K, reserved 1048576K
}
Event: 7079.552 GC heap before
{Heap before GC invocations=112 (full 10):
 PSYoungGen      total 417280K, used 373536K [0x00000000e0000000, 0x0000000100000000, 0x0000000100000000)
  eden space 324608K, 100% used [0x00000000e0000000,0x00000000f3d00000,0x00000000f3d00000)
  from space 92672K, 52% used [0x00000000f3d00000,0x00000000f6cc8070,0x00000000f9780000)
  to   space 88576K, 0% used [0x00000000fa980000,0x00000000fa980000,0x0000000100000000)
 ParOldGen       total 1030144K, used 716821K [0x00000000a0000000, 0x00000000dee00000, 0x00000000e0000000)
  object space 1030144K, 69% used [0x00000000a0000000,0x00000000cbc057e8,0x00000000dee00000)
 Metaspace       used 155942K, capacity 167824K, committed 169048K, reserved 1196032K
  class space    used 18940K, capacity 21578K, committed 21888K, reserved 1048576K
Event: 7079.984 GC heap after
Heap after GC invocations=112 (full 10):
 PSYoungGen      total 408064K, used 88563K [0x00000000e0000000, 0x0000000100000000, 0x0000000100000000)
  eden space 319488K, 0% used [0x00000000e0000000,0x00000000e0000000,0x00000000f3800000)
  from space 88576K, 99% used [0x00000000fa980000,0x00000000ffffce08,0x0000000100000000)
  to   space 102400K, 0% used [0x00000000f3800000,0x00000000f3800000,0x00000000f9c00000)
 ParOldGen       total 1030144K, used 724435K [0x00000000a0000000, 0x00000000dee00000, 0x00000000e0000000)
  object space 1030144K, 70% used [0x00000000a0000000,0x00000000cc374f60,0x00000000dee00000)
 Metaspace       used 155942K, capacity 167824K, committed 169048K, reserved 1196032K
  class space    used 18940K, capacity 21578K, committed 21888K, reserved 1048576K
}

